<?xml version="1.0" encoding="UTF-8"?>
<!-- Generated by org.testng.reporters.JUnitXMLReporter -->
<testsuite ignored="0" hostname="DESKTOP-ER71K56" failures="0" tests="5" name="Default test" time="51.589" errors="0" timestamp="2023-10-08T01:17:54 IST">
  <testcase classname="testrunner.LoginTest" name="verifyLoginWithoutProvidingCredentials" time="0.897"/>
  <testcase classname="testrunner.LoginTest" name="verifyLoginWithValidCredentials" time="1.482"/>
  <testcase classname="testrunner.LoginTest" name="verifyLoginWithInvalidCredentials" time="1.231"/>
  <testcase classname="testrunner.LoginTest" name="verifyLoginWithInvalidEmailAndValidPassword" time="0.931"/>
  <testcase classname="testrunner.LoginTest" name="verifyLoginWithValidEmailAndInvalidPassword" time="1.219"/>
</testsuite> <!-- Default test -->
