<?xml version="1.0" encoding="UTF-8"?>
<testng-results ignored="0" total="5" passed="5" failed="0" skipped="0">
  <reporter-output>
  </reporter-output>
  <suite started-at="2023-10-08T01:17:03 IST" name="Default suite" finished-at="2023-10-08T01:17:54 IST" duration-ms="51589">
    <groups>
    </groups>
    <test started-at="2023-10-08T01:17:03 IST" name="Default test" finished-at="2023-10-08T01:17:54 IST" duration-ms="51589">
      <class name="testrunner.LoginTest">
        <test-method is-config="true" signature="setup()[pri:0, instance:testrunner.LoginTest@3012646b]" started-at="2023-10-08T01:17:03 IST" name="setup" finished-at="2023-10-08T01:17:13 IST" duration-ms="9890" status="PASS">
          <reporter-output>
          </reporter-output>
        </test-method> <!-- setup -->
        <test-method signature="verifyLoginWithoutProvidingCredentials()[pri:0, instance:testrunner.LoginTest@3012646b]" started-at="2023-10-08T01:17:13 IST" name="verifyLoginWithoutProvidingCredentials" finished-at="2023-10-08T01:17:14 IST" duration-ms="897" status="PASS">
          <reporter-output>
          </reporter-output>
        </test-method> <!-- verifyLoginWithoutProvidingCredentials -->
        <test-method is-config="true" signature="tearDown()[pri:0, instance:testrunner.LoginTest@3012646b]" started-at="2023-10-08T01:17:14 IST" name="tearDown" finished-at="2023-10-08T01:17:14 IST" duration-ms="206" status="PASS">
          <reporter-output>
          </reporter-output>
        </test-method> <!-- tearDown -->
        <test-method is-config="true" signature="setup()[pri:0, instance:testrunner.LoginTest@3012646b]" started-at="2023-10-08T01:17:14 IST" name="setup" finished-at="2023-10-08T01:17:22 IST" duration-ms="8378" status="PASS">
          <reporter-output>
          </reporter-output>
        </test-method> <!-- setup -->
        <test-method signature="verifyLoginWithValidCredentials()[pri:1, instance:testrunner.LoginTest@3012646b]" started-at="2023-10-08T01:17:22 IST" name="verifyLoginWithValidCredentials" finished-at="2023-10-08T01:17:24 IST" duration-ms="1482" status="PASS">
          <reporter-output>
          </reporter-output>
        </test-method> <!-- verifyLoginWithValidCredentials -->
        <test-method is-config="true" signature="tearDown()[pri:0, instance:testrunner.LoginTest@3012646b]" started-at="2023-10-08T01:17:24 IST" name="tearDown" finished-at="2023-10-08T01:17:24 IST" duration-ms="199" status="PASS">
          <reporter-output>
          </reporter-output>
        </test-method> <!-- tearDown -->
        <test-method is-config="true" signature="setup()[pri:0, instance:testrunner.LoginTest@3012646b]" started-at="2023-10-08T01:17:24 IST" name="setup" finished-at="2023-10-08T01:17:32 IST" duration-ms="8692" status="PASS">
          <reporter-output>
          </reporter-output>
        </test-method> <!-- setup -->
        <test-method signature="verifyLoginWithInvalidCredentials()[pri:2, instance:testrunner.LoginTest@3012646b]" started-at="2023-10-08T01:17:32 IST" name="verifyLoginWithInvalidCredentials" finished-at="2023-10-08T01:17:34 IST" duration-ms="1231" status="PASS">
          <reporter-output>
          </reporter-output>
        </test-method> <!-- verifyLoginWithInvalidCredentials -->
        <test-method is-config="true" signature="tearDown()[pri:0, instance:testrunner.LoginTest@3012646b]" started-at="2023-10-08T01:17:34 IST" name="tearDown" finished-at="2023-10-08T01:17:34 IST" duration-ms="202" status="PASS">
          <reporter-output>
          </reporter-output>
        </test-method> <!-- tearDown -->
        <test-method is-config="true" signature="setup()[pri:0, instance:testrunner.LoginTest@3012646b]" started-at="2023-10-08T01:17:34 IST" name="setup" finished-at="2023-10-08T01:17:42 IST" duration-ms="8509" status="PASS">
          <reporter-output>
          </reporter-output>
        </test-method> <!-- setup -->
        <test-method signature="verifyLoginWithInvalidEmailAndValidPassword()[pri:3, instance:testrunner.LoginTest@3012646b]" started-at="2023-10-08T01:17:42 IST" name="verifyLoginWithInvalidEmailAndValidPassword" finished-at="2023-10-08T01:17:43 IST" duration-ms="931" status="PASS">
          <reporter-output>
          </reporter-output>
        </test-method> <!-- verifyLoginWithInvalidEmailAndValidPassword -->
        <test-method is-config="true" signature="tearDown()[pri:0, instance:testrunner.LoginTest@3012646b]" started-at="2023-10-08T01:17:43 IST" name="tearDown" finished-at="2023-10-08T01:17:44 IST" duration-ms="216" status="PASS">
          <reporter-output>
          </reporter-output>
        </test-method> <!-- tearDown -->
        <test-method is-config="true" signature="setup()[pri:0, instance:testrunner.LoginTest@3012646b]" started-at="2023-10-08T01:17:44 IST" name="setup" finished-at="2023-10-08T01:17:53 IST" duration-ms="9181" status="PASS">
          <reporter-output>
          </reporter-output>
        </test-method> <!-- setup -->
        <test-method signature="verifyLoginWithValidEmailAndInvalidPassword()[pri:4, instance:testrunner.LoginTest@3012646b]" started-at="2023-10-08T01:17:53 IST" name="verifyLoginWithValidEmailAndInvalidPassword" finished-at="2023-10-08T01:17:54 IST" duration-ms="1219" status="PASS">
          <reporter-output>
          </reporter-output>
        </test-method> <!-- verifyLoginWithValidEmailAndInvalidPassword -->
        <test-method is-config="true" signature="tearDown()[pri:0, instance:testrunner.LoginTest@3012646b]" started-at="2023-10-08T01:17:54 IST" name="tearDown" finished-at="2023-10-08T01:17:54 IST" duration-ms="243" status="PASS">
          <reporter-output>
          </reporter-output>
        </test-method> <!-- tearDown -->
      </class> <!-- testrunner.LoginTest -->
    </test> <!-- Default test -->
  </suite> <!-- Default suite -->
</testng-results>
